nohup: ignoring input
2019/11/02 05:26:15 [Bot_1] 小阿比＞＜ (QQ) has been loaded. Begin to get updates.
2019/11/02 05:26:15 [Bot_2] 小阿比＞＜ (Telegram) has been loaded. Begin to get updates.
2019/11/02 05:26:22 [喂鸽子的小阿比][黑猫]布莱克·凯特: .jrrp
2019/11/02 05:26:27 [WiFes | 草H猫昨晚太激烈了 （H猫还在master的床上233H猫占卜群H猫复读机群H猫复读机群H猫复读机群H猫Bot 测试群]十六夜 琉璃: /sc 50
2019/11/02 05:26:29 [喂鸽子的小阿比][黑猫]布莱克·凯特: /sc 50
2019/11/02 05:26:36 [喂鸽子的小阿比][黑猫]布莱克·凯特: 修好了
2019/11/02 05:26:41 [喂鸽子的小阿比][黑猫]布莱克·凯特: （刚刚似乎是重启失败
2019/11/02 05:26:44 [喂鸽子的小阿比]（emmmm）罗把特: .jrrp
2019/11/02 05:26:57 [喂鸽子的小阿比][海豹神]主任: .jrrp
2019/11/02 05:27:05 [喂鸽子的小阿比][熙浅]卡尔: .jrrp
2019/11/02 05:27:18 [喂鸽子的小阿比][zzy]丹尼尔·米斯达: 《复活的阿比》
2019/11/02 05:27:33 [*通用粗口*]你们的泡泡学常: .jrrp
2019/11/02 05:27:37 [*通用粗口*]你们的泡泡学常: 阿比睡过头了
2019/11/02 05:27:45 [*通用粗口*]清一原諒內鬼色: /jrrp
2019/11/02 05:28:06 [*通用粗口*]骰性恋加尔: .jrrp
2019/11/02 05:31:35 [喂鸽子的小阿比][碎忆]白兴发【瑞德·迈恩】: /jrrp
2019/11/02 05:31:48 [喂鸽子的小阿比][碎忆]白兴发【瑞德·迈恩】: .jrrp
2019/11/02 05:40:39 [*通用粗口*]骰性恋加尔: [CQ:image,file=C57EF6B455DD092117A16D69FAD336B4.jpg]
2019/11/02 05:42:34 [喂鸽子的小阿比][卡林]奈特·斯巴列什: /sc 1d50/1d100
2019/11/02 05:42:37 [喂鸽子的小阿比][卡林]奈特·斯巴列什: /r 50
2019/11/02 05:42:37 &{true 1d50 1d100 {0 0 0 0 0}}
2019/11/02 05:42:51 [喂鸽子的小阿比][卡林]奈特·斯巴列什: /mad
2019/11/02 05:53:45 [*通用粗口*]骰性恋加尔: [CQ:image,file=F5E71CA7CF260CD60818260E899BCF81.jpg]
2019/11/02 05:58:54 [*通用粗口*]想要变成rbq谢罪的时崎狂三: ?
2019/11/02 06:01:48 [*通用粗口*]盖里奥: ？
2019/11/02 06:29:52 [*通用粗口*]骰性恋加尔: [CQ:image,file=89EBA6611FA5843E7201438064A99D80.jpg]
2019/11/02 06:30:00 [CQHTTP 机器人大乱斗]喝水机器人: [CQ:face,id=148]第5杯水
[CQ:face,id=148]这杯水的意义: 学习或工作间隙来一杯，提个神！

🕓打卡截止时间 15:10
🎈打卡方式: 回复&#91;喝了&#93;或一个与水有关的非脸emoji表情
2019/11/02 06:33:32 [CQHTTP 机器人大乱斗]🤔兮诗: +
2019/11/02 06:33:33 [CQHTTP 机器人大乱斗]消防栓: 未绑定。请发送“绑定”后跟你的用户名进行绑定。
2019/11/02 06:43:34 [CQHTTP 插件交流 | 神仙]伊利亚: 
2019/11/02 06:43:48 [CQHTTP 插件交流 | 神仙]伊利亚: 🙊
2019/11/02 06:44:00 [CQHTTP 插件交流 | 神仙]牛牛: ❤️
2019/11/02 06:45:27 [CQHTTP 插件交流 | 神仙]一只大写的腊鸡 (看到我请让我去学习): 😃
2019/11/02 06:53:31 [喂鸽子的小阿比]Langt igjen å gå: .jrrp
2019/11/02 06:54:00 [喂鸽子的小阿比]Langt igjen å gå: 材料的物理性能考的都是概念计算和设计🐴
2019/11/02 06:54:00 [CQHTTP 插件交流 | 神仙]冰纯梨子: 伊莉雅
2019/11/02 06:54:04 [喂鸽子的小阿比]Langt igjen å gå: [CQ:image,file=19DEBB31212755F83E5FD491F5491BB0.jpg]
2019/11/02 06:54:08 [喂鸽子的小阿比]Langt igjen å gå: 书看不懂
2019/11/02 06:54:11 [喂鸽子的小阿比]Langt igjen å gå: 好害怕
2019/11/02 06:54:21 [喂鸽子的小阿比][卡林]奈特·斯巴列什: 那害怕
2019/11/02 06:54:36 [CQHTTP 插件交流 | 神仙]冰纯梨子: 🤗
2019/11/02 06:59:03 [喂鸽子的小阿比][熙浅]卡尔: 你们要考试了？
2019/11/02 06:59:11 [喂鸽子的小阿比][熙浅]卡尔: 徐民没有给画题吗
2019/11/02 06:59:30 [喂鸽子的小阿比][熙浅]卡尔: 考的是英文书上原题
2019/11/02 06:59:46 [喂鸽子的小阿比]Langt igjen å gå: 没
2019/11/02 06:59:54 [喂鸽子的小阿比]Langt igjen å gå: 就说要看啥
2019/11/02 07:00:05 [喂鸽子的小阿比]Langt igjen å gå: 都是计算和设计吗
2019/11/02 07:00:08 [喂鸽子的小阿比][熙浅]卡尔: 你可以上那本书的网站上，我记得那个网站上有答案
2019/11/02 07:00:19 [喂鸽子的小阿比][熙浅]卡尔: 计算和设计是书上原题
2019/11/02 07:00:25 [喂鸽子的小阿比]Langt igjen å gå: 那个答案我们有
2019/11/02 07:00:27 [喂鸽子的小阿比]Langt igjen å gå: 哦哦
2019/11/02 07:00:31 [喂鸽子的小阿比][熙浅]卡尔: 或者改数
2019/11/02 07:00:39 [喂鸽子的小阿比]Langt igjen å gå: 那都背下来就行了
2019/11/02 07:00:43 [喂鸽子的小阿比][熙浅]卡尔: 嗯
2019/11/02 07:00:43 [喂鸽子的小阿比]Langt igjen å gå: [CQ:image,file=0BE23A8F53F131C23EF370CBC0FF981C.jpg]
2019/11/02 07:00:51 [喂鸽子的小阿比][熙浅]卡尔: 徐民老师人挺好的
2019/11/02 07:01:05 [喂鸽子的小阿比][熙浅]卡尔: 我们选毕设老师都争着选
2019/11/02 07:01:12 [喂鸽子的小阿比][熙浅]卡尔: 去年这门课平均分85
2019/11/02 07:01:34 [喂鸽子的小阿比]Langt igjen å gå: [CQ:image,file=707D79AAB99D3BDDACE760B54E635474.gif]
2019/11/02 07:03:28 [CQHTTP 机器人大乱斗]低调🅥🔥🍋🐮🍺: 一键探险
2019/11/02 07:03:29 [CQHTTP 机器人大乱斗]N1-调料包-[负载均衡]: [CQ:at,qq=3323077879]
【探险】低调🅥🔥🍋🐮🍺进行了29次探险，经历了当众制杖、偶遇渣渣辉、和流浪狗抢包子、做白学家被打、打赏B站主播、直播挑战、被神秘人殴打、创业被收购、探索山洞、变卖不锈钢盆、在便利店捡垃圾、被老人讹、向小山包的猫神许愿、行窃被捕、森林探险、用德国工艺制作高级大师球、扮演充气包被殴打、行窃、卖小黄书、打猎、野兽材料交易、搬砖等大量的磨炼，脱胎换骨，收获颇丰。

探险结算：
获得1019金币, 获得230粮食, 失去710金币, 获得 &#91;屠龙宝刀x1&#93;, 获得 &#91;大师球x1&#93;, 获得 &#91;工口抱枕x1&#93;, 获得 &#91;高级大师球x1&#93;

剩余粮食：275，金币：11941
2019/11/02 07:04:14 [CQHTTP 机器人大乱斗]饱了: 探险
2019/11/02 07:04:14 [CQHTTP 机器人大乱斗]N3-调料包-[负载均衡]: [CQ:at,qq=420484153]
【探险】饱了在漫展大喊「雪菜碧池」，被一群人殴打至伤残，自己搭了64金币作为医药费。

探险结算：
失去64金币

剩余粮食：988，金币：-259
2019/11/02 07:04:26 [CQHTTP 机器人大乱斗]饱了: 一键探险
2019/11/02 07:04:26 [CQHTTP 机器人大乱斗]N1-调料包-[负载均衡]: [CQ:at,qq=420484153]
【探险】饱了进行了9次探险，经历了野兽材料交易、扶老太太过马路、向小山包的猫神许愿、偶遇渣渣辉、行窃被捕、做白学家被打、创业被收购等大量的磨炼，脱胎换骨，收获颇丰。

探险结算：
获得923金币, 失去134金币, 获得 &#91;工口抱枕x2&#93;, 获得 &#91;屠龙宝刀x1&#93;

剩余粮食：88，金币：530
2019/11/02 07:04:38 [CQHTTP 机器人大乱斗]饱了: 装备
2019/11/02 07:10:41 [CQHTTP 插件交流 | 神仙]伊利亚: 😦
2019/11/02 07:10:48 [CQHTTP 插件交流 | 神仙]伊利亚: nani?
2019/11/02 07:10:59 [CQHTTP 插件交流 | 神仙]布丁 包: 伊莉雅
2019/11/02 07:11:10 [CQHTTP 插件交流 | 神仙]布丁 包: 🥰
2019/11/02 07:11:15 [CQHTTP 插件交流 | 神仙]伊利亚: ❓
2019/11/02 07:22:44 [*通用粗口*]无风之铃: [CQ:at,qq=1178048942] 今晚？
2019/11/02 07:22:55 [*通用粗口*]无风之铃: [CQ:image,file=21DBBF56F9AE78166749ECA8EAFF3BB3.jpg]
2019/11/02 07:23:02 [*通用粗口*]无风之铃: 你没得看了吧
2019/11/02 07:25:06 [CQHTTP 插件交流 | 神仙]冰纯梨子: 🥰
2019/11/02 07:25:33 [*通用粗口*]张娅柯是个妹妹（认真: 海子姐摸了
2019/11/02 07:25:42 [*通用粗口*]张娅柯是个妹妹（认真: ru爹没摸
2019/11/02 07:25:47 [CQHTTP 插件交流 | 神仙]伊利亚: 🤔
2019/11/02 07:39:42 [*通用粗口*]盖里奥: 小次郎
2019/11/02 07:39:46 [*通用粗口*]盖里奥: 晚上跑团
2019/11/02 07:39:50 [*通用粗口*]盖里奥: [CQ:at,qq=2138233714]
2019/11/02 07:39:54 [*通用粗口*]盖里奥: 吗
2019/11/02 07:48:41 [CQHTTP 插件交流 | 神仙]一只大写的腊鸡 (看到我请让我去学习): 🥰
2019/11/02 07:49:27 [喂鸽子的小阿比]Langt igjen å gå: 会考那种画图的概念题吗
2019/11/02 07:49:37 [喂鸽子的小阿比]Langt igjen å gå: 那玩意答案也太长了
2019/11/02 07:49:39 [喂鸽子的小阿比]Langt igjen å gå: [CQ:image,file=D83E336BAC1D4975F855CE422BF46515.jpg]
2019/11/02 08:04:20 [*通用粗口*]骰性恋加尔: [CQ:image,file=5E07A809C54FF0AD483633EA11D7C468.png]
2019/11/02 08:04:25 [*通用粗口*]伪娘拉菲摘下了他的义乳背心: ？
2019/11/02 08:05:17 [*通用粗口*]伪娘拉菲摘下了他的义乳背心: 你又不是不知道我的关注列表
2019/11/02 08:05:30 [*通用粗口*]伪娘拉菲摘下了他的义乳背心: 等会我翻翻
2019/11/02 08:05:53 [*通用粗口*]清一原諒內鬼色: 今天好像面包狗和小粥都沒播（）
2019/11/02 08:06:07 [*通用粗口*]清一原諒內鬼色: 得找另一個單推對象（）
2019/11/02 08:06:35 [*通用粗口*]伪娘拉菲摘下了他的义乳背心: [CQ:image,file=1C94F21C4C1486D62C0429195E8C2821.jpg]
2019/11/02 08:06:38 [*通用粗口*]伪娘拉菲摘下了他的义乳背心: 花丸B限歌回
2019/11/02 08:06:42 [*通用粗口*]伪娘拉菲摘下了他的义乳背心: 你说你马呢
2019/11/02 08:06:46 [*通用粗口*]伪娘拉菲摘下了他的义乳背心: 今晚开个鸡儿
2019/11/02 08:07:23 [喂鸽子的小阿比][熙浅]卡尔: 我们没有考画图
2019/11/02 08:07:36 [喂鸽子的小阿比][熙浅]卡尔: 不对
2019/11/02 08:07:37 [喂鸽子的小阿比][熙浅]卡尔: 考了
2019/11/02 08:07:41 [喂鸽子的小阿比][熙浅]卡尔: 会考
2019/11/02 08:07:43 [喂鸽子的小阿比][熙浅]卡尔: 我想起来了
2019/11/02 08:07:43 [*通用粗口*]张娅柯是个妹妹（认真: 那就八点开到九点
2019/11/02 08:07:56 [喂鸽子的小阿比][熙浅]卡尔: 徐民说你把图画出来解释一下就行了
2019/11/02 08:08:00 [喂鸽子的小阿比][熙浅]卡尔: 没必要一模一样
2019/11/02 08:08:19 [*通用粗口*]张娅柯是个妹妹（认真: （时间是挤出来的
2019/11/02 08:08:19 [*通用粗口*]伪娘拉菲摘下了他的义乳背心: 一个钟连导入都开不完
2019/11/02 08:08:49 [喂鸽子的小阿比]Langt igjen å gå: [CQ:image,file=417FFF38CB92727E1DCF82F792E888FE.jpg]
2019/11/02 08:08:52 [喂鸽子的小阿比]Langt igjen å gå: 好
2019/11/02 08:08:58 [*通用粗口*]张娅柯是个妹妹（认真: （开不完就存
2019/11/02 08:14:17 [*通用粗口*]盖里奥: [CQ:image,file=0BE23A8F53F131C23EF370CBC0FF981C.jpg]
2019/11/02 08:14:20 [*通用粗口*]盖里奥: 那我就去开团了
2019/11/02 08:15:21 [*通用粗口*]伪娘拉菲摘下了他的义乳背心: [CQ:image,file=0BE23A8F53F131C23EF370CBC0FF981C.jpg]我大概下周找个时间开
2019/11/02 08:37:30 [CQHTTP 插件交流 | 神仙]冰纯梨子: 🤔
2019/11/02 08:53:12 [*通用粗口*]想要变成rbq谢罪的时崎狂三: 
替身名： 月夜 舞曲
替身类型：近距离力量型
破坏力：A（极强）
成长性：A（极强）
精密度：A（极强）
持久力： D（差）
射程距离： B（佳）
速度： B（佳）
战斗方式： 复数型。有着复数个数的型态，全部只算一种替身。数量越多每个体受到攻击所受的损伤传达到本体也越小，因此稍微破坏部份个体也不会影响使者本体。每个单体力量较弱，体型也较小，通常是远距离操纵型。由于射程距离长，伤害反馈也小，所以可以进行单方面地攻击。（例如：极恶中队、丰收、性感手枪、金属制品等）
2019/11/02 08:53:20 [*通用粗口*]想要变成rbq谢罪的时崎狂三: 抽出来的奇怪玩意
2019/11/02 09:08:09 [*通用粗口*]骰性恋加尔: [CQ:image,file=ACFDEC287FED1D5B4F5C7B325C1F2727.jpg]
2019/11/02 09:10:04 [*通用粗口*]不是怪物！是卡密哒！: 我记得我以前随机出的替身
2019/11/02 09:10:21 [*通用粗口*]不是怪物！是卡密哒！: 是冰系飞刀一样的东西
2019/11/02 09:15:06 [CQHTTP 插件交流 | 神仙]伊利亚: 🙄
2019/11/02 09:17:32 [俄罗斯老娘们快乐群]十六夜 琉璃: 我儿
2019/11/02 09:17:38 [俄罗斯老娘们快乐群]十六夜 琉璃: 看儿完儿了儿
2019/11/02 09:18:11 [俄罗斯老娘们快乐群]紫裙牡丹: 啥
2019/11/02 09:18:16 [俄罗斯老娘们快乐群]NightSiesta: 啥
2019/11/02 09:18:19 [俄罗斯老娘们快乐群]紫裙牡丹: 二刺螈大电影嘛
2019/11/02 09:18:28 [俄罗斯老娘们快乐群]十六夜 琉璃: 二次元大电影呀
2019/11/02 09:18:29 [俄罗斯老娘们快乐群]NightSiesta: 二次元大电影吗
2019/11/02 09:18:52 [俄罗斯老娘们快乐群]紫裙牡丹: 你们居然是
2019/11/02 09:19:04 [俄罗斯老娘们快乐群]紫裙牡丹: 先看电影再吃饭的嘛
2019/11/02 09:19:11 [俄罗斯老娘们快乐群]紫裙牡丹: 等明天我看完好吧
2019/11/02 09:19:16 [俄罗斯老娘们快乐群]紫裙牡丹: 我也要
2019/11/02 09:19:21 [俄罗斯老娘们快乐群]紫裙牡丹: 我们再来
2019/11/02 09:19:27 [俄罗斯老娘们快乐群]十六夜 琉璃: [CQ:image,file=29D7F695CC037EB147488AC207297E3C.jpg]
2019/11/02 09:19:27 [俄罗斯老娘们快乐群]紫裙牡丹: 吹诚哥
2019/11/02 09:19:37 [俄罗斯老娘们快乐群]十六夜 琉璃: 先看电影再吃饭
2019/11/02 09:19:40 [俄罗斯老娘们快乐群]十六夜 琉璃: 很奇怪嘛（
2019/11/02 09:19:52 [俄罗斯老娘们快乐群]紫裙牡丹: 很奇怪
2019/11/02 09:19:57 [俄罗斯老娘们快乐群]紫裙牡丹: 一般是
2019/11/02 09:20:05 [俄罗斯老娘们快乐群]紫裙牡丹: 吃饭看电影不可名状
2019/11/02 09:20:22 [俄罗斯老娘们快乐群]紫裙牡丹: 毕竟看电影氛围更暧昧一点
2019/11/02 09:20:25 [俄罗斯老娘们快乐群]NightSiesta: 自己一个人去？
2019/11/02 09:20:30 [俄罗斯老娘们快乐群]紫裙牡丹: 事情发展顺序？
2019/11/02 09:20:40 [俄罗斯老娘们快乐群]NightSiesta: 太孤单了
2019/11/02 09:20:53 [俄罗斯老娘们快乐群]紫裙牡丹: 明天和基佬去嗷
2019/11/02 09:21:00 [俄罗斯老娘们快乐群]紫裙牡丹: 基佬要吃顿好的
2019/11/02 09:21:03 [俄罗斯老娘们快乐群]NightSiesta: 基佬太孤单了
2019/11/02 09:21:13 [俄罗斯老娘们快乐群]十六夜 琉璃: ？？？
2019/11/02 09:21:20 [俄罗斯老娘们快乐群]十六夜 琉璃: 吃饭看电影不可名状
2019/11/02 09:21:24 [俄罗斯老娘们快乐群]十六夜 琉璃: 那也得是女人啊
2019/11/02 09:21:44 [俄罗斯老娘们快乐群]紫裙牡丹: 你不熟女人？
2019/11/02 09:21:49 [俄罗斯老娘们快乐群]紫裙牡丹: 是
2019/11/02 09:21:52 [俄罗斯老娘们快乐群]十六夜 琉璃: [CQ:image,file=9858D7D3247A3DC2DAEBD2C712DD15FA.jpg]
2019/11/02 09:22:00 [俄罗斯老娘们快乐群]十六夜 琉璃: ？我不是
2019/11/02 09:22:09 [俄罗斯老娘们快乐群]NightSiesta: 猫神是憨批
2019/11/02 09:22:27 [俄罗斯老娘们快乐群]紫裙牡丹: 憨批老表
2019/11/02 09:22:47 [俄罗斯老娘们快乐群]NightSiesta: 群里都是憨批
2019/11/02 09:36:24 [俄罗斯老娘们快乐群]NightSiesta: 卧槽
2019/11/02 09:36:32 [俄罗斯老娘们快乐群]NightSiesta: 我发现了不得了的东西
2019/11/02 09:36:40 [俄罗斯老娘们快乐群]NightSiesta: [CQ:image,file=65D90DFF59A824A137FD2315865100DD.jpg]
2019/11/02 09:36:59 [俄罗斯老娘们快乐群]NightSiesta: 这就是二次元吧
2019/11/02 09:37:40 [俄罗斯老娘们快乐群]紫裙牡丹: 你就是那个
2019/11/02 09:37:45 [俄罗斯老娘们快乐群]紫裙牡丹: 无情♂？
2019/11/02 09:37:59 [欢迎 19 级萌新们 | NEUP Net Depart | Open Group]Sherlock Holo: @DuckSoft 打爆张小龙狗头
2019/11/02 09:38:16 [俄罗斯老娘们快乐群]NightSiesta: 在上课的桌子里面发现的
2019/11/02 09:38:39 [俄罗斯老娘们快乐群]NightSiesta: 本子上就没有其他内容了
2019/11/02 09:40:44 [俄罗斯老娘们快乐群]NightSiesta: emmmmm，二次元考研讨论小组？
2019/11/02 09:42:03 [俄罗斯老娘们快乐群]紫裙牡丹: 。
2019/11/02 09:42:22 [俄罗斯老娘们快乐群]十六夜 琉璃: hhhhhhhhhh
2019/11/02 09:46:10 [俄罗斯老娘们快乐群]十六夜 琉璃: [CQ:image,file=F3408D31964C237866CCA952AD4944E6.jpg]
2019/11/02 09:46:23 [俄罗斯老娘们快乐群]紫裙牡丹: 吃的啥
2019/11/02 09:50:00 [CQHTTP 机器人大乱斗]喝水机器人: 🍉第6杯水
🍉这杯水的意义: 晚饭前来一杯，增加饱足感，避免晚餐时暴饮暴食

🕓打卡截止时间 18:05
🎈打卡方式: 回复&#91;喝了&#93;或一个与水有关的非脸emoji表情
2019/11/02 09:50:17 [CQHTTP 机器人大乱斗]鲸鱼: 🐳
2019/11/02 09:50:17 [CQHTTP 机器人大乱斗]喝水机器人: 👱 按时喝第6杯水的鲸鱼是最帅的仔！

目前你共喝了1杯水，回复&#91;喝水记录&#93;可获取具体记录
2019/11/02 09:51:46 [CQHTTP 机器人大乱斗]biubiu: 一键探险
2019/11/02 09:51:47 [CQHTTP 机器人大乱斗]N2s-调料包-[负载均衡]: [CQ:at,qq=1326099664]
【探险】XiaoX怪进行了62次探险，经历了卖小黄书、野兽材料交易、做白学家被打、向小山包的猫神许愿、打赏B站主播、误入传销窝点、直播挑战、探索山洞、用德国工艺制作高级大师球、打猎、在海底捞打工被殴打、被神秘人殴打、变卖不锈钢盆、偶遇渣渣辉、扶老太太过马路、被老人讹、当众贩剑、创业被收购、扮演充气包被殴打、行窃被捕、当众制杖、森林探险、行窃、在便利店捡垃圾、和流浪狗抢包子等大量的磨炼，脱胎换骨，收获颇丰。

探险结算：
获得2162金币, 获得294粮食, 失去1079金币, 获得 &#91;工口抱枕x4&#93;, 获得 &#91;大师球x6&#93;, 获得 &#91;高级大师球x5&#93;, 获得 &#91;屠龙宝刀x2&#93;

剩余粮食：306，金币：15561
2019/11/02 09:52:23 [*通用粗口*]琪姬（和她该死的玩家）: [CQ:image,file=4A4F122CEA0E4B1C41EE709895EA4F39.jpg]
2019/11/02 09:52:30 [*通用粗口*]琪姬（和她该死的玩家）: 老女人
2019/11/02 09:54:18 [CQHTTP 机器人大乱斗]🐶biss: 一键探险
2019/11/02 09:54:18 [CQHTTP 机器人大乱斗]N2s-调料包-[负载均衡]: [CQ:at,qq=2726888700]
【探险】小猫蘑菇进行了41次探险，经历了直播挑战、行窃、偶遇渣渣辉、行窃被捕、当众制杖、向小山包的猫神许愿、打猎、用德国工艺制作高级大师球、误入传销窝点、卖小黄书、被神秘人殴打、搬砖、在便利店捡垃圾、扶老太太过马路、创业被收购、当众贩剑、森林探险、和流浪狗抢包子等大量的磨炼，脱胎换骨，收获颇丰。

探险结算：
获得2629金币, 获得168粮食, 失去329金币, 获得 &#91;屠龙宝刀x4&#93;, 获得 &#91;工口抱枕x3&#93;, 获得 &#91;高级大师球x4&#93;

剩余粮食：195，金币：119196
2019/11/02 09:54:31 [CQHTTP 机器人大乱斗]🐶biss: 掉落变少了
2019/11/02 09:55:40 [俄罗斯老娘们快乐群]十六夜 琉璃: 面。
2019/11/02 09:55:44 [俄罗斯老娘们快乐群]十六夜 琉璃: ？？？这你都要知道
2019/11/02 09:56:25 [俄罗斯老娘们快乐群]紫裙牡丹: 我只是就问一下
2019/11/02 09:56:31 [俄罗斯老娘们快乐群]紫裙牡丹: 你怎么这么敏感啊
2019/11/02 09:56:35 [俄罗斯老娘们快乐群]但去莫复问: 是控制欲强的小孩
2019/11/02 09:56:40 [俄罗斯老娘们快乐群]NightSiesta: 是控制欲强的小孩
2019/11/02 09:56:46 [俄罗斯老娘们快乐群]但去莫复问: 你难道想控制猫神的人生吗
2019/11/02 09:56:49 [俄罗斯老娘们快乐群]NightSiesta: 爱了爱了
2019/11/02 09:56:52 [俄罗斯老娘们快乐群]紫裙牡丹: 顺便拓展一下思路
2019/11/02 09:56:53 [俄罗斯老娘们快乐群]但去莫复问: 我不允许这种事情发生！
2019/11/02 09:57:00 [俄罗斯老娘们快乐群]NightSiesta: 不愧是小猫cp
2019/11/02 09:57:06 [俄罗斯老娘们快乐群]紫裙牡丹: 明天emmm别有吃火锅了
2019/11/02 09:58:30 [俄罗斯老娘们快乐群]紫裙牡丹: md猫神这人真的有病
2019/11/02 09:58:43 [俄罗斯老娘们快乐群]但去莫复问: 我不允许你污蔑猫神
2019/11/02 09:58:52 [俄罗斯老娘们快乐群]但去莫复问: 无论发生什么
2019/11/02 09:59:01 [俄罗斯老娘们快乐群]但去莫复问: 猫神都是我们心底最纯洁的存在！
2019/11/02 09:59:31 [*通用粗口*]白令锋（时空碎忆）: 无焰冰河世纪 艾泽拉斯
2019/11/02 09:59:51 [俄罗斯老娘们快乐群]紫裙牡丹: ？？？
2019/11/02 09:59:59 [CQHTTP 机器人大乱斗]dumbot: 18:00:00
2019/11/02 10:00:03 [俄罗斯老娘们快乐群]紫裙牡丹: wlk真的是
2019/11/02 10:00:06 [俄罗斯老娘们快乐群]紫裙牡丹: 内心丑恶
2019/11/02 10:00:09 [俄罗斯老娘们快乐群]紫裙牡丹: 龌龊
2019/11/02 10:00:34 [俄罗斯老娘们快乐群]但去莫复问: 我学不好二次元说话方式
2019/11/02 10:00:39 [俄罗斯老娘们快乐群]但去莫复问: 我放弃了
2019/11/02 10:00:50 [俄罗斯老娘们快乐群]紫裙牡丹: emmm
2019/11/02 10:01:02 [俄罗斯老娘们快乐群]紫裙牡丹: 你这就是荷兰的鱼？
2019/11/02 10:01:05 [CQHTTP 机器人大乱斗]饱了: 一键探险
2019/11/02 10:01:05 [CQHTTP 机器人大乱斗]N1-调料包-[负载均衡]: [CQ:at,qq=420484153]
探险一次至少需要100粮食，你还剩下88粮食，无法继续探险。
2019/11/02 10:01:18 [俄罗斯老娘们快乐群]紫裙牡丹: 感觉就没内味
2019/11/02 10:01:29 [俄罗斯老娘们快乐群]十六夜 琉璃: ？？？
2019/11/02 10:01:39 [俄罗斯老娘们快乐群]十六夜 琉璃: 拿我当参考是不是想多了啊
2019/11/02 10:01:42 [俄罗斯老娘们快乐群]十六夜 琉璃: [CQ:image,file=64F043950784175E10F45D0FEC0AAAB4.jpg]
2019/11/02 10:01:57 [俄罗斯老娘们快乐群]但去莫复问: 我刚刚看了会游戏王
2019/11/02 10:01:58 [俄罗斯老娘们快乐群]紫裙牡丹: 事实证明是想多了
2019/11/02 10:02:08 [俄罗斯老娘们快乐群]紫裙牡丹: 但我觉得66好歹工作了
2019/11/02 10:02:12 [俄罗斯老娘们快乐群]但去莫复问: 我想学习一下社长的说话方式
2019/11/02 10:02:13 [俄罗斯老娘们快乐群]紫裙牡丹: 吃的应该不会太差
2019/11/02 10:02:36 [俄罗斯老娘们快乐群]十六夜 琉璃: 66 经常往这跑
2019/11/02 10:02:40 [俄罗斯老娘们快乐群]十六夜 琉璃: 所以不会每次都吃好的
2019/11/02 10:02:52 [俄罗斯老娘们快乐群]紫裙牡丹: ？
2019/11/02 10:02:59 [俄罗斯老娘们快乐群]紫裙牡丹: 暗恋你？
2019/11/02 10:03:14 [俄罗斯老娘们快乐群]十六夜 琉璃: 兰花你这适合来看厨病激发boy学习一下
2019/11/02 10:03:19 [俄罗斯老娘们快乐群]十六夜 琉璃: 社长cv也配了
2019/11/02 10:03:27 [俄罗斯老娘们快乐群]十六夜 琉璃: 还是猛男系角色
2019/11/02 10:03:30 [俄罗斯老娘们快乐群]十六夜 琉璃: ？
2019/11/02 10:03:46 [俄罗斯老娘们快乐群]但去莫复问: 那当然不爱社长
2019/11/02 10:03:52 [俄罗斯老娘们快乐群]但去莫复问: 你忘了我玩之狼
2019/11/02 10:03:54 [俄罗斯老娘们快乐群]十六夜 琉璃: 小孩怎么挑拨我和 66 的关系（
2019/11/02 10:04:02 [俄罗斯老娘们快乐群]但去莫复问: 被社长配的屑一郎
2019/11/02 10:04:06 [俄罗斯老娘们快乐群]但去莫复问: 杀了二十个小时
2019/11/02 10:04:14 [俄罗斯老娘们快乐群]紫裙牡丹: ？？？
2019/11/02 10:04:34 [俄罗斯老娘们快乐群]但去莫复问: 打了二十个小时，最后他的每一个动作我都知道弱点了
2019/11/02 10:05:02 [俄罗斯老娘们快乐群]十六夜 琉璃: [CQ:image,file=66E2652F974B01796B4E0611BEFAB24B.jpg]
2019/11/02 10:05:04 [俄罗斯老娘们快乐群]但去莫复问: 让你见识下
2019/11/02 10:05:06 [俄罗斯老娘们快乐群]十六夜 琉璃: 我很可爱，小孩给我钱
2019/11/02 10:05:08 [俄罗斯老娘们快乐群]但去莫复问: 巴之雷！
2019/11/02 10:06:16 [俄罗斯老娘们快乐群]紫裙牡丹: 给我看一下你的jj
2019/11/02 10:07:07 [俄罗斯老娘们快乐群]十六夜 琉璃: 脚脚都要看
2019/11/02 10:07:08 [俄罗斯老娘们快乐群]十六夜 琉璃: 真变态
2019/11/02 10:07:08 [俄罗斯老娘们快乐群]十六夜 琉璃: [CQ:image,file=29D7F695CC037EB147488AC207297E3C.jpg]
2019/11/02 10:07:16 [俄罗斯老娘们快乐群]但去莫复问: 我吐了
2019/11/02 10:07:25 [俄罗斯老娘们快乐群]但去莫复问: 你群能不能稍微不那么gay
2019/11/02 10:07:52 [俄罗斯老娘们快乐群]紫裙牡丹: ？
2019/11/02 10:07:59 [俄罗斯老娘们快乐群]紫裙牡丹: 学兰花说话
2019/11/02 10:15:00 [CQHTTP 机器人大乱斗]喝水机器人: ☕第7杯水
☕这杯水的意义: 晚饭后来一杯，帮助消化吸收

🕓打卡截止时间 19:00
🎈打卡方式: 回复&#91;喝了&#93;或一个与水有关的非脸emoji表情
2019/11/02 10:16:17 [俄罗斯老娘们快乐群]十六夜 琉璃: 孩
2019/11/02 10:16:19 [俄罗斯老娘们快乐群]十六夜 琉璃: 来刀
2019/11/02 10:17:39 [异端小队创作交流组]西园寺天音: [CQ:image,file=CA06533CF2E8C1360F019CC0D6F33906.jpg]
2019/11/02 10:17:41 [异端小队创作交流组]西园寺天音: 艹
2019/11/02 10:17:52 [俄罗斯老娘们快乐群]紫裙牡丹: 去死
2019/11/02 10:17:57 [俄罗斯老娘们快乐群]十六夜 琉璃: ？
2019/11/02 10:17:59 [异端小队创作交流组]西园寺天音: 法术狙击枪还行
2019/11/02 10:17:59 [俄罗斯老娘们快乐群]十六夜 琉璃: [CQ:image,file=DE7E56DF15F66282EDD29C7345A01988.jpg]
2019/11/02 10:18:10 [俄罗斯老娘们快乐群]十六夜 琉璃: 那不行
2019/11/02 10:18:11 [俄罗斯老娘们快乐群]但去莫复问: [CQ:image,file=512A2868661EFFB02764A7119B313324.jpg]
2019/11/02 10:18:14 [俄罗斯老娘们快乐群]十六夜 琉璃: 你工资还没开
2019/11/02 10:18:44 [*通用粗口*]Senātus Populusque Rōmānus: 暗黑手游
2019/11/02 10:18:46 [*通用粗口*]Senātus Populusque Rōmānus: 对不起
2019/11/02 10:18:49 [*通用粗口*]Senātus Populusque Rōmānus: 我真香了
2019/11/02 10:18:50 [俄罗斯老娘们快乐群]紫裙牡丹: ？
2019/11/02 10:18:56 [异端小队创作交流组]夏洛克•杰基尔: 嗯
2019/11/02 10:19:03 [俄罗斯老娘们快乐群]紫裙牡丹: 两个人打nm的dota
2019/11/02 10:19:14 [异端小队创作交流组]夏洛克•杰基尔: 现在你理解白星做的什么鬼东西了吗
2019/11/02 10:19:22 [异端小队创作交流组]西园寺天音: 理解理解
2019/11/02 10:19:35 [异端小队创作交流组]夏洛克•杰基尔: [CQ:image,file=2EBB9192E4D0C93C97DD90DA39405324.jpg]
2019/11/02 10:20:26 [俄罗斯老娘们快乐群]十六夜 琉璃: [CQ:image,file=5FE2495E2BAD3331B411FF91A95EB639.jpg]
2019/11/02 10:20:29 [俄罗斯老娘们快乐群]十六夜 琉璃: 我玩不了 ff14
2019/11/02 10:20:30 [俄罗斯老娘们快乐群]十六夜 琉璃: 我生气
2019/11/02 10:20:36 [异端小队创作交流组]夏洛克•杰基尔: 我脑补了一下夏洛克尾杀的画风
2019/11/02 10:20:39 [俄罗斯老娘们快乐群]但去莫复问: 那你来玩山口山
2019/11/02 10:20:51 [俄罗斯老娘们快乐群]紫裙牡丹: 三国杀？
2019/11/02 10:20:54 [俄罗斯老娘们快乐群]紫裙牡丹: 那我也来
2019/11/02 10:21:06 [俄罗斯老娘们快乐群]但去莫复问: 我是说魔兽世界
2019/11/02 10:21:09 [异端小队创作交流组]夏洛克•杰基尔: 往手枪里塞奇怪的弹夹
2019/11/02 10:21:23 [异端小队创作交流组]夏洛克•杰基尔: 我是个无情的杀手。jpg
2019/11/02 10:21:27 [俄罗斯老娘们快乐群]十六夜 琉璃: u1s1 三国杀怎么突然不玩了
2019/11/02 10:21:30 [俄罗斯老娘们快乐群]十六夜 琉璃: [CQ:image,file=ED0FCC46197232D01F8DC30311F3E25A.jpg]
2019/11/02 10:21:37 [异端小队创作交流组]夏洛克•杰基尔: 士力架（划掉）
2019/11/02 10:21:40 [俄罗斯老娘们快乐群]但去莫复问: 因为没有竞技乐趣
2019/11/02 10:21:46 [俄罗斯老娘们快乐群]十六夜 琉璃: 就像俄罗斯方块一样
2019/11/02 10:21:53 [俄罗斯老娘们快乐群]但去莫复问: 这就是人
2019/11/02 10:21:56 [异端小队创作交流组]夏洛克•杰基尔: trigger maximum drive
2019/11/02 10:21:59 [异端小队创作交流组]亚柯: 往手枪前面塞火箭炮（？
2019/11/02 10:21:59 [俄罗斯老娘们快乐群]但去莫复问: 人是会变的
2019/11/02 10:22:04 [俄罗斯老娘们快乐群]紫裙牡丹: emmm
2019/11/02 10:22:13 [俄罗斯老娘们快乐群]十六夜 琉璃: 人是鳝变的
2019/11/02 10:22:13 [俄罗斯老娘们快乐群]紫裙牡丹: 因为猫神不给我们充会员
2019/11/02 10:22:15 [俄罗斯老娘们快乐群]但去莫复问: 不知道什么时候这个世界上什么都有了保质期
2019/11/02 10:22:25 [俄罗斯老娘们快乐群]但去莫复问: 连喜欢都一样
2019/11/02 10:22:31 [俄罗斯老娘们快乐群]十六夜 琉璃: [CQ:image,file=DE7E56DF15F66282EDD29C7345A01988.jpg]
2019/11/02 10:22:32 [异端小队创作交流组]夏洛克•杰基尔: 有一说一
2019/11/02 10:22:35 [俄罗斯老娘们快乐群]紫裙牡丹: 你对猫神的爱不是永不变质嘛
2019/11/02 10:22:39 [俄罗斯老娘们快乐群]十六夜 琉璃: 兰花为什么
2019/11/02 10:22:44 [异端小队创作交流组]夏洛克•杰基尔: ft是真的帅
2019/11/02 10:22:46 [俄罗斯老娘们快乐群]十六夜 琉璃: 开始感悟（
2019/11/02 10:22:46 [异端小队创作交流组]爱丽丝·H·杰基尔: 下班了
2019/11/02 10:22:49 [俄罗斯老娘们快乐群]紫裙牡丹: 兰花能别说这种
2019/11/02 10:22:53 [异端小队创作交流组]爱丽丝·H·杰基尔: 我回来啦～
2019/11/02 10:22:59 [俄罗斯老娘们快乐群]紫裙牡丹: 三本鸡汤嘛
2019/11/02 10:23:00 [异端小队创作交流组]夏洛克•杰基尔: 我等着看fm什么时候出现了
2019/11/02 10:23:04 [异端小队创作交流组]西园寺天音: 欢迎回来～
2019/11/02 10:23:04 [俄罗斯老娘们快乐群]但去莫复问: 我当然是说重庆森林台词
2019/11/02 10:23:14 [俄罗斯老娘们快乐群]紫裙牡丹: ？
2019/11/02 10:23:15 [异端小队创作交流组]西园寺天音: 。。。。艹我在干啥
2019/11/02 10:23:17 [俄罗斯老娘们快乐群]十六夜 琉璃: 重庆森林又是什么东西（
2019/11/02 10:23:19 [俄罗斯老娘们快乐群]但去莫复问: 你又看不起王家卫了
2019/11/02 10:23:21 [异端小队创作交流组]爱丽丝·H·杰基尔: [CQ:image,file=0A1D57E0A9A72F02252F1374BE79157F.png]
2019/11/02 10:23:22 [俄罗斯老娘们快乐群]紫裙牡丹: 为啥我一点印象都没有
2019/11/02 10:23:23 [俄罗斯老娘们快乐群]十六夜 琉璃: [CQ:image,file=22887590D8E177588CC9F9FB2ED82D02.jpg]
2019/11/02 10:23:29 [俄罗斯老娘们快乐群]十六夜 琉璃: 我是龙鸣
2019/11/02 10:23:30 [异端小队创作交流组]爱丽丝·H·杰基尔: [CQ:image,file=F3A5C94CBD8577382513FA36FABE1E58.jpg]
2019/11/02 10:23:32 [俄罗斯老娘们快乐群]紫裙牡丹: 我就记得谢霆锋叼烟
2019/11/02 10:23:36 [异端小队创作交流组]夏洛克•杰基尔: [CQ:rich,text=群聊的聊天记录 爱丽丝·H·杰基尔:  下班了 爱丽丝·H·杰基尔:  我回来啦～ 西园寺天音:  欢迎回来～ 查看3条转发消息]
2019/11/02 10:23:36 [俄罗斯老娘们快乐群]但去莫复问: 凤梨罐头那个故事
2019/11/02 10:23:40 [异端小队创作交流组]夏洛克•杰基尔: 老夫老妻
2019/11/02 10:23:44 [异端小队创作交流组]西园寺天音: ？？？？？？？
2019/11/02 10:23:44 [俄罗斯老娘们快乐群]但去莫复问: 索嗨男主失恋了
2019/11/02 10:23:46 [异端小队创作交流组]亚柯: 草
2019/11/02 10:23:53 [俄罗斯老娘们快乐群]但去莫复问: 吃了一个月过期罐头
2019/11/02 10:24:10 [俄罗斯老娘们快乐群]紫裙牡丹: 说起王家卫
2019/11/02 10:24:22 [俄罗斯老娘们快乐群]紫裙牡丹: 昨天看到有人说诚哥日本王家卫
2019/11/02 10:24:35 [异端小队创作交流组]佐佐木岚: 贤妻
2019/11/02 10:24:37 [俄罗斯老娘们快乐群]但去莫复问: 都是故事讲的稀烂呗
2019/11/02 10:24:46 [俄罗斯老娘们快乐群]但去莫复问: 王家卫喜欢整啥意境
2019/11/02 10:24:48 [异端小队创作交流组]夏洛克•杰基尔: 任贤齐
2019/11/02 10:24:52 [异端小队创作交流组]夏洛克•杰基尔: 错乱
2019/11/02 10:24:53 [俄罗斯老娘们快乐群]但去莫复问: 故事稀碎
2019/11/02 10:24:56 [*通用粗口*]琪姬（和她该死的玩家）: dont you guys have phones
2019/11/02 10:25:01 [*通用粗口*]琪姬（和她该死的玩家）: yes of couse（
2019/11/02 10:25:01 [俄罗斯老娘们快乐群]紫裙牡丹: 黑白
2019/11/02 10:25:06 [俄罗斯老娘们快乐群]紫裙牡丹: 好喜欢黑白
2019/11/02 10:25:08 [俄罗斯老娘们快乐群]紫裙牡丹: 暗色
2019/11/02 10:25:13 [俄罗斯老娘们快乐群]紫裙牡丹: 啥都看不清那种
2019/11/02 10:25:22 [俄罗斯老娘们快乐群]但去莫复问: 但是诚哥台词没有王家卫那么装逼
2019/11/02 10:25:25 [异端小队创作交流组]亚柯: 恩恩爱爱
2019/11/02 10:25:42 [俄罗斯老娘们快乐群]十六夜 琉璃: 稀碎
2019/11/02 10:25:44 [俄罗斯老娘们快乐群]紫裙牡丹: emmm我觉得我看的时候太早了
2019/11/02 10:25:54 [俄罗斯老娘们快乐群]紫裙牡丹: 说不定现在看就不会像当时那样
2019/11/02 10:25:58 [俄罗斯老娘们快乐群]十六夜 琉璃: 诚哥有黑白暗色吗
2019/11/02 10:26:00 [俄罗斯老娘们快乐群]紫裙牡丹: 一脸懵逼
2019/11/02 10:26:08 [俄罗斯老娘们快乐群]但去莫复问: u1s1，一代宗师已经很努力去把故事讲明白了
2019/11/02 10:26:27 [俄罗斯老娘们快乐群]紫裙牡丹: 龙鸣guna
2019/11/02 10:26:31 [俄罗斯老娘们快乐群]但去莫复问: 东邪西毒就是纯靠意境和台词了
2019/11/02 10:26:47 [俄罗斯老娘们快乐群]紫裙牡丹: ？东邪西毒是他的嘛
2019/11/02 10:26:59 [俄罗斯老娘们快乐群]但去莫复问: 是的啊
2019/11/02 10:27:03 [俄罗斯老娘们快乐群]紫裙牡丹: 艹
2019/11/02 10:27:14 [俄罗斯老娘们快乐群]紫裙牡丹: 我又把东成西就和东邪西毒搞混了
2019/11/02 10:27:29 [俄罗斯老娘们快乐群]紫裙牡丹: 我还在想这逼还会拍喜剧
2019/11/02 10:27:31 [俄罗斯老娘们快乐群]但去莫复问: 东成西就是拍东邪西毒的时候一块拍的
2019/11/02 10:29:24 [俄罗斯老娘们快乐群]十六夜 琉璃: [CQ:image,file=DE7E56DF15F66282EDD29C7345A01988.jpg]
2019/11/02 10:29:29 [俄罗斯老娘们快乐群]十六夜 琉璃: 没人陪我打游戏
2019/11/02 10:29:34 [俄罗斯老娘们快乐群]但去莫复问: 我的手机丢了 开机密码是她的生日 如果你捡到了 请帮我发一条信息给她 说我在便利店看到了那款断货很久的汽水 问问她还要不要喝
2019/11/02 10:29:43 [俄罗斯老娘们快乐群]紫裙牡丹: 想不到wlk是个文艺龙鸣
2019/11/02 10:29:49 [俄罗斯老娘们快乐群]但去莫复问: 我当然不文艺
2019/11/02 10:29:55 [俄罗斯老娘们快乐群]但去莫复问: 我就是喜欢看电影
2019/11/02 10:30:01 [俄罗斯老娘们快乐群]但去莫复问: 啥都看那种
2019/11/02 10:30:02 [俄罗斯老娘们快乐群]紫裙牡丹: hso
2019/11/02 10:30:24 [俄罗斯老娘们快乐群]紫裙牡丹: 2333王家卫是当年中二时期看的
2019/11/02 10:30:37 [俄罗斯老娘们快乐群]但去莫复问: 他这几年也没咋拍电影
2019/11/02 10:30:43 [俄罗斯老娘们快乐群]紫裙牡丹: 虽然不懂但是应该很强
2019/11/02 10:30:48 [俄罗斯老娘们快乐群]紫裙牡丹: 就那种感觉
2019/11/02 10:31:30 [俄罗斯老娘们快乐群]紫裙牡丹: 然后他还用了我最喜欢的一个乐队的曲子
2019/11/02 10:31:33 [俄罗斯老娘们快乐群]紫裙牡丹: 好感拉满
2019/11/02 10:32:11 [俄罗斯老娘们快乐群]但去莫复问: 我已经好久没有看过电影了
2019/11/02 10:32:30 [俄罗斯老娘们快乐群]紫裙牡丹: 那还不快去看
2019/11/02 10:32:37 [俄罗斯老娘们快乐群]紫裙牡丹: 最新二刺螈电影
2019/11/02 10:32:44 [俄罗斯老娘们快乐群]但去莫复问: 没人陪着
2019/11/02 10:32:53 [俄罗斯老娘们快乐群]但去莫复问: 一个人去电影院也太孤独了
2019/11/02 10:33:08 [俄罗斯老娘们快乐群]紫裙牡丹: emmm一个人去也没那么孤独吧
2019/11/02 10:33:19 [俄罗斯老娘们快乐群]紫裙牡丹: 为啥都觉得一个人去孤独
2019/11/02 10:33:39 [俄罗斯老娘们快乐群]但去莫复问: 因为我本来就感觉挺孤独的
2019/11/02 10:33:47 [俄罗斯老娘们快乐群]紫裙牡丹: u1s1
2019/11/02 10:33:50 [俄罗斯老娘们快乐群]但去莫复问: 一个人只不过把这种感觉扩大话了
2019/11/02 10:33:50 [俄罗斯老娘们快乐群]NightSiesta: [CQ:image,file=4C56E6C40576D17599EE170F8AC09DB3.gif]
2019/11/02 10:34:03 [俄罗斯老娘们快乐群]紫裙牡丹: 虽然王家卫是讲不清故事
2019/11/02 10:34:08 [俄罗斯老娘们快乐群]但去莫复问: 就像一个人吃火锅一样
2019/11/02 10:34:17 [俄罗斯老娘们快乐群]紫裙牡丹: 但他的爱情感觉更成年一点
2019/11/02 10:34:34 [俄罗斯老娘们快乐群]但去莫复问: 是这样的
2019/11/02 10:34:34 [俄罗斯老娘们快乐群]紫裙牡丹: 看起来是还能装装逼
2019/11/02 10:34:45 [俄罗斯老娘们快乐群]但去莫复问: 一代宗师要是主角都是未成年
2019/11/02 10:34:45 [俄罗斯老娘们快乐群]紫裙牡丹: （diss一波诚哥
2019/11/02 10:35:00 [俄罗斯老娘们快乐群]但去莫复问: 叶问怕不是早去找宫二了
2019/11/02 10:35:13 [俄罗斯老娘们快乐群]但去莫复问: 两个人都放不下面子
2019/11/02 10:35:17 [俄罗斯老娘们快乐群]但去莫复问: 活该
2019/11/02 10:36:23 [俄罗斯老娘们快乐群]但去莫复问: 东邪西毒要是都是小孩子说走就走
2019/11/02 10:36:44 [俄罗斯老娘们快乐群]但去莫复问: 也不至于人人都难受
2019/11/02 10:46:29 [EQrypto 暗号技術]niconiconi: 
2019/11/02 10:46:33 [EQrypto 暗号技術]niconiconi: 
2019/11/02 11:00:25 [俄罗斯老娘们快乐群]紫裙牡丹: [CQ:image,file=B5C5E1907DACB930A3A5A020857A0B73.jpg]
2019/11/02 11:00:57 [俄罗斯老娘们快乐群]紫裙牡丹: 所以方舟又干嘛了
2019/11/02 11:05:05 [异端小队创作交流组]夏洛克•杰基尔: [CQ:image,file=1BE6F7624DBC39A8342BA7DF908ADDA0.jpg]
2019/11/02 11:05:17 [异端小队创作交流组]夏洛克•杰基尔: 我tm在干什么
2019/11/02 11:09:48 [异端小队创作交流组]夏洛克•杰基尔: [CQ:image,file=272FC3509D044BA31A9F887DEE33D1B9.gif]
2019/11/02 11:24:10 [喂鸽子的小阿比]猫红: [CQ:image,file=0BE23A8F53F131C23EF370CBC0FF981C.jpg]
2019/11/02 11:24:37 [喂鸽子的小阿比]猫红: 听说毕设双选结束了
2019/11/02 11:30:33 [异端小队创作交流组]乔依·乔尔: [CQ:at,qq=1843469776] 草
2019/11/02 11:31:22 [异端小队创作交流组]乔依·乔尔: 今天狗狗b限
2019/11/02 11:31:30 [异端小队创作交流组]乔依·乔尔: 我找到新的單推對象了（）
2019/11/02 11:41:22 [EQrypto 暗号技術]Equim: @niconiconi 现在好了
2019/11/02 11:41:36 [EQrypto 暗号技術]niconiconi: @Equim 嗯嗯
2019/11/02 11:41:39 [EQrypto 暗号技術]niconiconi: 
2019/11/02 11:46:41 [*通用粗口*]琪姬（和她该死的玩家）: [CQ:image,file=BBF4FEEEFB13C2B37B2252B5A4C09850.jpg]
2019/11/02 11:46:44 [*通用粗口*]琪姬（和她该死的玩家）: 这个狗蛋怎么回事
2019/11/02 11:47:02 [*通用粗口*]Senātus Populusque Rōmānus: 千胜皮肤啊
2019/11/02 11:47:33 [*通用粗口*]琪姬（和她该死的玩家）: 千胜还带皮肤的嘛..！？
2019/11/02 11:47:45 [*通用粗口*]琪姬（和她该死的玩家）: 玩了那么久从来不知道
2019/11/02 12:27:12 [*通用粗口*]死灵法皇克诺努斯: 最近实装
2019/11/02 12:28:45 [*通用粗口*]琪姬（和她该死的玩家）: 哪路或多
2019/11/02 12:47:12 [异端小队创作交流组]夏洛克•杰基尔: 风都侦探真tm好看
2019/11/02 12:47:45 [异端小队创作交流组]夏洛克•杰基尔: [CQ:image,file=8E5C12AAF6804E0A00431DB1B4BBBFBE.jpg]
2019/11/02 12:49:15 [CQHTTP 插件交流 | 神仙]冰纯梨子: @richardchien 你可以把 veripress 提交到 https://github.com/netlify/staticgen 啊
2019/11/02 12:49:25 [CQHTTP 插件交流 | 神仙]冰纯梨子: 你的是不是也支持 staticgen
2019/11/02 12:49:53 [CQHTTP 插件交流 | 神仙]冰纯梨子: 你看这里面有些辣鸡框架 50 个星都没有呢
2019/11/02 12:50:00 [CQHTTP 插件交流 | 神仙]冰纯梨子: 快去碾压他们
2019/11/02 12:50:13 [*通用粗口*]琪姬（和她该死的玩家）: [CQ:image,file=B48C7940D13DC28FCA768A48710CC44B.jpg]
2019/11/02 12:50:15 [*通用粗口*]琪姬（和她该死的玩家）: 这什么弱智idwwwweww
2019/11/02 13:02:20 [CQHTTP 插件交流 | 神仙]一只大写的腊鸡 (看到我请让我去学习): 哈哈哈啊
2019/11/02 13:08:37 [CQHTTP 插件交流 | 神仙]一只大写的腊鸡 (看到我请让我去学习): veripress我都看不下去了
2019/11/02 13:08:49 [CQHTTP 插件交流 | 神仙]一只大写的腊鸡 (看到我请让我去学习): 等以后有机会重写吧（
2019/11/02 13:10:26 [CQHTTP 插件交流 | 神仙]冰纯梨子: 等以后有机会重写吧（
2019/11/02 13:22:09 [CQHTTP 插件交流 | 神仙] ᠌᠌᠌᠌: 💎
2019/11/02 13:22:21 [CQHTTP 插件交流 | 神仙] ᠌᠌᠌᠌: 听到了鸽子的声音
2019/11/02 13:30:00 [CQHTTP 机器人大乱斗]喝水机器人: ☕第8杯水
☕这杯水的意义: 睡前来一杯，补充睡眠所需水分，但别喝太多哟。如果你是一位准备熬夜的勇士，别忘了奋战途中主动去补充水分哦

🕓打卡截止时间 23:30
🎈打卡方式: 回复&#91;喝了&#93;或一个与水有关的非脸emoji表情
2019/11/02 13:54:54 [*通用粗口*]不是怪物！是卡密哒！: 真是安静啊
2019/11/02 13:55:16 [*通用粗口*]不是怪物！是卡密哒！: [CQ:image,file=E0B855D5161BBF9822742E86F3A5856A.jpg]
2019/11/02 13:55:22 [*通用粗口*]不是怪物！是卡密哒！: 来点色图
2019/11/02 13:59:40 [*通用粗口*]琪姬（和她该死的玩家）: 弄坏布偶的屑
2019/11/02 14:00:25 [*通用粗口*]不是怪物！是卡密哒！: 负责任修补布偶的鉴
2019/11/02 14:02:14 [*通用粗口*]白令锋（时空碎忆）: [CQ:image,file=C38E917E170047A79AF21326D32E7F6F.jpg]
2019/11/02 14:02:35 [*通用粗口*]白令锋（时空碎忆）: 密码是我id缩写 
2019/11/02 14:04:02 [*通用粗口*]琪姬（和她该死的玩家）: 里面是什么呐
2019/11/02 14:04:28 [*通用粗口*]白令锋（时空碎忆）: 是车
2019/11/02 14:05:19 [*通用粗口*]张娅柯是个妹妹（认真: ？
2019/11/02 14:05:22 [*通用粗口*]白令锋（时空碎忆）: 这几天在整理网盘 很多东西都要重新分分类
2019/11/02 14:05:28 [*通用粗口*]张娅柯是个妹妹（认真: 看到车我就来了
2019/11/02 14:05:49 [*通用粗口*]张娅柯是个妹妹（认真: /r 汽车驾驶
2019/11/02 14:05:59 [*通用粗口*]白令锋（时空碎忆）: 以后还是发一天的 
2019/11/02 14:06:00 [*通用粗口*]张娅柯是个妹妹（认真: 好
2019/11/02 14:06:03 [*通用粗口*]调查员『安娜』: /r 汽车驾驶
2019/11/02 14:06:08 [*通用粗口*]调查员『安娜』: ？
2019/11/02 14:06:08 [*通用粗口*]张娅柯是个妹妹（认真: ？
2019/11/02 14:06:14 [*通用粗口*]不是怪物！是卡密哒！: ？
2019/11/02 14:06:14 [*通用粗口*]白金: ？
2019/11/02 14:06:14 [*通用粗口*]调查员『安娜』: 咩？？？
2019/11/02 14:06:20 [*通用粗口*]白令锋（时空碎忆）: /r 汽车驾驶
2019/11/02 14:06:22 [*通用粗口*]不是怪物！是卡密哒！: [CQ:image,file=AFF2CA2FD0B6801A2F8910694438A3AB.jpg]
2019/11/02 14:07:37 [*通用粗口*]白令锋（时空碎忆）: 这是我为数不多的正常资源了
2019/11/02 14:07:40 [*通用粗口*]白令锋（时空碎忆）: [CQ:image,file=0F254E639D06DE4508E0276D07E582F3.jpg]
2019/11/02 14:50:15 [*通用粗口*]不是怪物！是卡密哒！: [CQ:image,file=40DAA5E145EF4A6254D56DD10F2EA943.jpg]
2019/11/02 14:50:16 [*通用粗口*]不是怪物！是卡密哒！: [CQ:image,file=3FB57F286E2B8975B8994CC984AF9A41.jpg]
2019/11/02 14:54:08 [*通用粗口*]一般路过海德: 一脸嫌弃让你看胖次【确信】
2019/11/02 14:56:27 [*通用粗口*]不是怪物！是卡密哒！: [CQ:image,file=71315C2C328C600449108E0BFAAD1CC2.gif]
2019/11/02 15:01:02 [WiFes | 草H猫昨晚太激烈了 （H猫还在master的床上233H猫占卜群H猫复读机群H猫复读机群H猫复读机群H猫Bot 测试群]冰纯梨子: /jrrp
2019/11/02 15:01:32 [WiFes | 草H猫昨晚太激烈了 （H猫还在master的床上233H猫占卜群H猫复读机群H猫复读机群H猫复读机群H猫Bot 测试群]冰纯梨子: 宜孤注一掷太好了
2019/11/02 15:12:16 [*通用粗口*]白令锋（时空碎忆）: OW2出了可以考虑买一个 我对刷刷刷的爆射RPG还是没啥抵抗力的
2019/11/02 15:13:58 [*通用粗口*]琪姬（和她该死的玩家）: 奇美拉行动并感（
2019/11/02 15:14:20 [*通用粗口*]盖里奥: 剧情流程长吗
2019/11/02 15:24:00 [异端小队创作交流组]夏洛克•杰基尔: 没有海蒂捞我要死了
2019/11/02 15:24:09 [异端小队创作交流组]亚柯: 没有海蒂捞我要死了
2019/11/02 15:24:50 [异端小队创作交流组]神琉依: ?
2019/11/02 15:25:29 [CQHTTP 插件交流 | 神仙]牛牛: 听到了鸽子的声音
2019/11/02 15:25:37 [异端小队创作交流组]夏洛克•杰基尔: 退环境的让一下
2019/11/02 15:25:44 [异端小队创作交流组]夏洛克•杰基尔: 我要看海蒂捞
2019/11/02 15:25:51 [CQHTTP 插件交流 | 神仙]布丁 包: 听到了 rcnb 的声音
2019/11/02 15:26:22 [异端小队创作交流组]亚柯: 甲班乳牛海蒂捞才是最棒的啊
2019/11/02 15:27:24 [异端小队创作交流组]夏洛克•杰基尔: 甲班乳牛海蒂捞才是最棒的啊
2019/11/02 15:30:04 [CQHTTP 插件交流 | 神仙]冰纯梨子: 听到了 rcnb 的声音
2019/11/02 15:30:55 [*通用粗口*]白令锋（时空碎忆）: 不知道
2019/11/02 15:31:03 [*通用粗口*]白令锋（时空碎忆）: 等出来再说
2019/11/02 15:31:30 [*通用粗口*]盖里奥: 突出一个
2019/11/02 15:31:35 [*通用粗口*]盖里奥: 魂都打完了
2019/11/02 15:31:39 [*通用粗口*]盖里奥: 内心空虚
2019/11/02 15:33:30 [CQHTTP 插件交流 | 神仙]Sonui: 该听到的声音迟迟没有到来
2019/11/02 15:33:45 [CQHTTP 插件交流 | 神仙]一只大写的腊鸡 (看到我请让我去学习): 咕？
2019/11/02 15:36:17 [异端小队创作交流组]佐佐木岚: 甲班乳牛海蒂捞才是最棒的啊
2019/11/02 15:37:00 [CQHTTP 插件交流 | 神仙]Sonui: 艹air3的喇叭位置怎么这么蛋疼，震的手疼
2019/11/02 15:39:38 [俄罗斯老娘们快乐群]十六夜 琉璃: 聊天吗
2019/11/02 15:44:47 [俄罗斯老娘们快乐群]但去莫复问: 那太好了
2019/11/02 15:44:58 [俄罗斯老娘们快乐群]但去莫复问: 我就不说话
2019/11/02 15:45:14 [俄罗斯老娘们快乐群]但去莫复问: 这样这一晚上你就属于我了
2019/11/02 15:45:40 [异端小队创作交流组]加德特·巴德尔: w
2019/11/02 15:47:49 [俄罗斯老娘们快乐群]但去莫复问: 好怪哦
2019/11/02 15:47:59 [俄罗斯老娘们快乐群]但去莫复问: 群友们晚上都没有妹子聊天的吗
2019/11/02 15:48:12 [俄罗斯老娘们快乐群]但去莫复问: 只能和男人连麦
2019/11/02 15:48:19 [俄罗斯老娘们快乐群]但去莫复问: 我当然是说你们俩
2019/11/02 15:48:26 [俄罗斯老娘们快乐群]但去莫复问: 我怎么感觉
2019/11/02 15:48:32 [俄罗斯老娘们快乐群]NightSiesta: 有啊
2019/11/02 15:48:50 [俄罗斯老娘们快乐群]但去莫复问: 小孩你说谎
2019/11/02 15:49:00 [俄罗斯老娘们快乐群]但去莫复问: 你说我不说话你睡不着的
2019/11/02 15:49:27 [俄罗斯老娘们快乐群]NightSiesta: [CQ:image,file=263F5B1B015EF8C970EA307DC63CD725.jpg]
2019/11/02 15:49:33 [俄罗斯老娘们快乐群]十六夜 琉璃: [CQ:image,file=66E2652F974B01796B4E0611BEFAB24B.jpg]
2019/11/02 15:49:33 [俄罗斯老娘们快乐群]但去莫复问: 不愧是诈骗省嗷
2019/11/02 15:49:41 [俄罗斯老娘们快乐群]十六夜 琉璃: ？？？
2019/11/02 15:49:44 [俄罗斯老娘们快乐群]十六夜 琉璃: 一黑黑俩
2019/11/02 15:49:52 [俄罗斯老娘们快乐群]但去莫复问: 差不多
2019/11/02 15:50:03 [俄罗斯老娘们快乐群]十六夜 琉璃: [CQ:image,file=DE7E56DF15F66282EDD29C7345A01988.jpg]
2019/11/02 15:50:11 [*通用粗口*]清一原諒內鬼色: [CQ:image,file=527818C12F5D099711684ED8EC2312B5.jpg]
2019/11/02 15:50:19 [俄罗斯老娘们快乐群]但去莫复问: 我们那边也有
2019/11/02 15:50:25 [俄罗斯老娘们快乐群]但去莫复问: 非法集资
2019/11/02 15:50:50 [俄罗斯老娘们快乐群]但去莫复问: 我们家就被忽悠了十万
2019/11/02 15:50:53 [俄罗斯老娘们快乐群]但去莫复问: [CQ:face,id=107]
2019/11/02 15:51:04 [俄罗斯老娘们快乐群]但去莫复问: 落在手里一辆车
2019/11/02 15:51:10 [俄罗斯老娘们快乐群]但去莫复问: 但是不值这钱
2019/11/02 15:51:18 [俄罗斯老娘们快乐群]但去莫复问: 还不能过户
2019/11/02 15:51:21 [俄罗斯老娘们快乐群]NightSiesta: [CQ:image,file=6109421D0F604A53C05B880FCFBD3775.gif]
2019/11/02 15:51:40 [俄罗斯老娘们快乐群]但去莫复问: 跟我没啥关系
2019/11/02 15:51:45 [俄罗斯老娘们快乐群]但去莫复问: 反正我又不会开车
2019/11/02 15:52:18 [俄罗斯老娘们快乐群]但去莫复问: 那我也不想开那辆啊
2019/11/02 15:52:23 [俄罗斯老娘们快乐群]但去莫复问: 我肯定学
2019/11/02 15:52:30 [俄罗斯老娘们快乐群]但去莫复问: 是这样的
2019/11/02 15:53:04 [俄罗斯老娘们快乐群]但去莫复问: 今年fpx要欠ig冠军了
2019/11/02 15:53:10 [俄罗斯老娘们快乐群]但去莫复问: 说出来你看你不信
2019/11/02 15:53:18 [俄罗斯老娘们快乐群]但去莫复问: ig的辅助好几把菜
2019/11/02 15:53:21 [俄罗斯老娘们快乐群]但去莫复问: 输了
2019/11/02 15:53:24 [俄罗斯老娘们快乐群]但去莫复问: 然后哭了
2019/11/02 15:53:35 [俄罗斯老娘们快乐群]但去莫复问: 然后微博小姐姐全感动了
2019/11/02 15:54:00 [俄罗斯老娘们快乐群]但去莫复问: 听说打的跟屎一样
2019/11/02 15:54:35 [俄罗斯老娘们快乐群]但去莫复问: 一个班子啊
2019/11/02 15:54:39 [俄罗斯老娘们快乐群]但去莫复问: nsnmn
2019/11/02 15:54:57 [俄罗斯老娘们快乐群]但去莫复问: 只能说饭圈是真的傻逼
2019/11/02 15:55:14 [俄罗斯老娘们快乐群]但去莫复问: 换回来是因为要出不了线了
2019/11/02 15:55:20 [俄罗斯老娘们快乐群]但去莫复问: 李银河有点神经病了
2019/11/02 15:56:04 [俄罗斯老娘们快乐群]但去莫复问: 感觉这个人有点哗众取宠了
2019/11/02 15:56:15 [俄罗斯老娘们快乐群]但去莫复问: 我对这个人没啥好感
2019/11/02 15:56:54 [俄罗斯老娘们快乐群]但去莫复问: 所以故事怎么样啊
2019/11/02 15:56:57 [俄罗斯老娘们快乐群]但去莫复问: 是的
2019/11/02 15:57:13 [俄罗斯老娘们快乐群]但去莫复问: 有些镜头的确拍的很好
2019/11/02 15:57:26 [俄罗斯老娘们快乐群]但去莫复问: 作画也有局限
2019/11/02 15:57:40 [俄罗斯老娘们快乐群]但去莫复问: 有些表情表达不出来的
2019/11/02 15:57:59 [俄罗斯老娘们快乐群]但去莫复问: 这种故事
2019/11/02 15:58:06 [俄罗斯老娘们快乐群]但去莫复问: 有啥剧透不剧透的
2019/11/02 15:58:44 [俄罗斯老娘们快乐群]但去莫复问: 那我懂了
2019/11/02 15:58:56 [俄罗斯老娘们快乐群]但去莫复问: 又在讲小孩子的爱情
2019/11/02 15:59:08 [俄罗斯老娘们快乐群]但去莫复问: 那也太俗套了8
2019/11/02 15:59:27 [俄罗斯老娘们快乐群]但去莫复问: 太无聊了8
2019/11/02 16:00:09 [俄罗斯老娘们快乐群]但去莫复问: 这样说吧，这个故事有没有胰脏好啊
2019/11/02 16:00:18 [俄罗斯老娘们快乐群]但去莫复问: 没有我就正好不用看了
2019/11/02 16:00:47 [俄罗斯老娘们快乐群]NightSiesta: ?
2019/11/02 16:01:12 [俄罗斯老娘们快乐群]但去莫复问: 那👴看了
2019/11/02 16:01:30 [俄罗斯老娘们快乐群]但去莫复问: 👴只是想去找个人吃烤肉
2019/11/02 16:01:39 [俄罗斯老娘们快乐群]但去莫复问: 随便看了个电影
2019/11/02 16:01:58 [俄罗斯老娘们快乐群]但去莫复问: 青春小说本来就是图个乐
2019/11/02 16:02:08 [俄罗斯老娘们快乐群]但去莫复问: 你总不能指望学到啥吧
2019/11/02 16:02:12 [俄罗斯老娘们快乐群]但去莫复问: 是这样的
2019/11/02 16:02:21 [俄罗斯老娘们快乐群]但去莫复问: 这种东西就是给小孩看的
2019/11/02 16:02:35 [俄罗斯老娘们快乐群]但去莫复问: 算了
2019/11/02 16:03:11 [俄罗斯老娘们快乐群]但去莫复问: 就是给自己没有谈过恋爱的青春
2019/11/02 16:03:20 [俄罗斯老娘们快乐群]但去莫复问: 找一个慰籍
2019/11/02 16:03:26 [俄罗斯老娘们快乐群]但去莫复问: [CQ:image,file=B6402824CB7F93FA505FF74E42129C37.jpg]
2019/11/02 16:04:10 [俄罗斯老娘们快乐群]但去莫复问: 我逗我室友的
2019/11/02 16:04:16 [俄罗斯老娘们快乐群]但去莫复问: 你听见了啊
2019/11/02 16:06:13 [俄罗斯老娘们快乐群]但去莫复问: 其实我高中特别喜欢看刘慈欣的小说
2019/11/02 16:06:27 [俄罗斯老娘们快乐群]但去莫复问: 其实现在看看也没有那么爱了
2019/11/02 16:07:24 [俄罗斯老娘们快乐群]但去莫复问: 猫神没了
2019/11/02 16:07:39 [俄罗斯老娘们快乐群]但去莫复问: 👴去看游基王了
2019/11/02 16:07:51 [俄罗斯老娘们快乐群]但去莫复问: 青春爱情太无聊了
2019/11/02 16:08:03 [俄罗斯老娘们快乐群]但去莫复问: 蠢蠢的
2019/11/02 16:08:39 [俄罗斯老娘们快乐群]但去莫复问: 是这样的
2019/11/02 16:08:47 [俄罗斯老娘们快乐群]但去莫复问: 青春爱情不都是这样吗
2019/11/02 16:09:03 [俄罗斯老娘们快乐群]但去莫复问: 有一说一
2019/11/02 16:09:10 [俄罗斯老娘们快乐群]但去莫复问: 你们真的不感觉
2019/11/02 16:09:19 [俄罗斯老娘们快乐群]但去莫复问: 日本人不会写大场面
2019/11/02 16:09:36 [俄罗斯老娘们快乐群]但去莫复问: 特别容易搞俗套
2019/11/02 16:09:42 [俄罗斯老娘们快乐群]但去莫复问: 那当然不是
2019/11/02 16:09:53 [俄罗斯老娘们快乐群]但去莫复问: 大的世界关
2019/11/02 16:10:16 [俄罗斯老娘们快乐群]但去莫复问: 有一说一
2019/11/02 16:10:27 [俄罗斯老娘们快乐群]但去莫复问: 我感觉ff14政治斗争
2019/11/02 16:10:30 [俄罗斯老娘们快乐群]但去莫复问: 有点幼稚
2019/11/02 16:10:46 [俄罗斯老娘们快乐群]但去莫复问: 国家层面的
2019/11/02 16:11:00 [俄罗斯老娘们快乐群]但去莫复问: 是的
2019/11/02 16:11:08 [俄罗斯老娘们快乐群]但去莫复问: 大局就感觉好蠢
2019/11/02 16:11:18 [俄罗斯老娘们快乐群]但去莫复问: 很儿戏的样子
2019/11/02 16:11:55 [俄罗斯老娘们快乐群]但去莫复问: 虽然我好喜欢宫崎英高，但是他的故事也挺局气的
2019/11/02 16:12:15 [俄罗斯老娘们快乐群]但去莫复问: 所以这次他找冰与火之歌的编剧写世界观还行
2019/11/02 16:13:01 [俄罗斯老娘们快乐群]但去莫复问: 我也挺喜欢银河英雄传说的
2019/11/02 16:13:15 [俄罗斯老娘们快乐群]但去莫复问: 但是里边的战术甚至不如三国
2019/11/02 16:13:21 [俄罗斯老娘们快乐群]但去莫复问: 这就图个乐
2019/11/02 16:13:33 [俄罗斯老娘们快乐群]但去莫复问: 看打架和斗争
2019/11/02 16:13:37 [俄罗斯老娘们快乐群]但去莫复问: 就不能带脑子
2019/11/02 16:14:34 [俄罗斯老娘们快乐群]但去莫复问: 但是仔细一琢磨
2019/11/02 16:14:45 [俄罗斯老娘们快乐群]但去莫复问: 就感觉跟过家家一样
2019/11/02 16:15:07 [俄罗斯老娘们快乐群]但去莫复问: 并且后边银英感觉有点烂尾
2019/11/02 16:15:16 [俄罗斯老娘们快乐群]但去莫复问: 双男主的故事
2019/11/02 16:15:24 [俄罗斯老娘们快乐群]十六夜 琉璃: [CQ:image,file=52E1E5FC2A55D47B36B9A0096BF099BA.jpg]
2019/11/02 16:15:30 [俄罗斯老娘们快乐群]但去莫复问: 强行让一个被小喽啰暗杀了
2019/11/02 16:15:34 [俄罗斯老娘们快乐群]但去莫复问: 田中芳树
2019/11/02 16:15:57 [俄罗斯老娘们快乐群]但去莫复问: 我们的征途是星辰大海
2019/11/02 16:16:50 [俄罗斯老娘们快乐群]但去莫复问: 这是银河英雄传说的
2019/11/02 16:16:57 [俄罗斯老娘们快乐群]但去莫复问: 星际迷航是美国的
2019/11/02 16:17:03 [俄罗斯老娘们快乐群]但去莫复问: 我也看过
2019/11/02 16:17:06 [俄罗斯老娘们快乐群]但去莫复问: [CQ:image,file=512A2868661EFFB02764A7119B313324.jpg]
2019/11/02 16:17:28 [俄罗斯老娘们快乐群]十六夜 琉璃: [CQ:image,file=DBF0176DAE8CAC6BDC2655A0799F753B.jpg]
2019/11/02 16:17:35 [俄罗斯老娘们快乐群]但去莫复问: 我看过几部
2019/11/02 16:18:02 [俄罗斯老娘们快乐群]但去莫复问: 但是你还要考虑
2019/11/02 16:18:08 [俄罗斯老娘们快乐群]但去莫复问: 冷锋过境嗷
2019/11/02 16:18:16 [俄罗斯老娘们快乐群]但去莫复问: 离俄罗斯近
2019/11/02 16:18:30 [俄罗斯老娘们快乐群]但去莫复问: 都怪毛子
2019/11/02 16:18:43 [俄罗斯老娘们快乐群]但去莫复问: 做人不要太攀比
2019/11/02 16:18:53 [俄罗斯老娘们快乐群]但去莫复问: 要比就比激光雨
2019/11/02 16:18:55 [俄罗斯老娘们快乐群]十六夜 琉璃: [CQ:image,file=3F2D3A303FE1B93DC4CF2FC44C1239F6.gif]
2019/11/02 16:19:06 [俄罗斯老娘们快乐群]十六夜 琉璃: [CQ:image,file=479773CB9D47BD58BC02403080E8214A.png]
2019/11/02 16:19:18 [俄罗斯老娘们快乐群]但去莫复问: 告诉傻逼夏世
2019/11/02 16:19:22 [俄罗斯老娘们快乐群]但去莫复问: 风老王死了
2019/11/02 16:19:37 [俄罗斯老娘们快乐群]但去莫复问: 已经没有希耶提了
2019/11/02 16:19:59 [俄罗斯老娘们快乐群]但去莫复问: 小孩来看美国往事
2019/11/02 16:20:09 [俄罗斯老娘们快乐群]但去莫复问: 您好
2019/11/02 16:20:13 [俄罗斯老娘们快乐群]但去莫复问: 这个是电影
2019/11/02 16:20:22 [俄罗斯老娘们快乐群]但去莫复问: 四个小时的那个
2019/11/02 16:20:38 [俄罗斯老娘们快乐群]十六夜 琉璃: [CQ:image,file=BBB9384CC99A3C432CDB3216FCA0BB44.png]
2019/11/02 16:20:38 [俄罗斯老娘们快乐群]但去莫复问: 讲了一个穷比被ntr的故事
2019/11/02 16:20:48 [俄罗斯老娘们快乐群]但去莫复问: 富有警示意味
2019/11/02 16:21:15 [俄罗斯老娘们快乐群]但去莫复问: 告诉他蛤佬也死了
2019/11/02 16:21:41 [俄罗斯老娘们快乐群]但去莫复问: 👴要睡了
2019/11/02 16:22:36 [俄罗斯老娘们快乐群]但去莫复问: 是这样的
2019/11/02 16:22:42 [俄罗斯老娘们快乐群]但去莫复问: 角色越来越摸
2019/11/02 16:22:55 [俄罗斯老娘们快乐群]但去莫复问: 然后要不就是炒冷饭
2019/11/02 16:22:59 [俄罗斯老娘们快乐群]但去莫复问: u1s1
2019/11/02 16:23:11 [俄罗斯老娘们快乐群]但去莫复问: 你们不觉得凭依这设定好蠢吗
2019/11/02 16:23:34 [俄罗斯老娘们快乐群]但去莫复问: 雪之下雪乃
2019/11/02 16:23:44 [俄罗斯老娘们快乐群]但去莫复问: 人类圣经嗷
2019/11/02 16:24:15 [俄罗斯老娘们快乐群]但去莫复问: [CQ:image,file=6FA45A97475271C4D60998FBD855E220.jpg]
2019/11/02 16:24:29 [俄罗斯老娘们快乐群]但去莫复问: [CQ:image,file=8AA0A41EBF6717C70B8DFDCFB3D13C6D.jpg]
2019/11/02 16:24:38 [俄罗斯老娘们快乐群]但去莫复问: 罚你再看一遍
2019/11/02 16:25:21 [俄罗斯老娘们快乐群]但去莫复问: 我感觉游戏性最好的手游
2019/11/02 16:25:28 [俄罗斯老娘们快乐群]但去莫复问: 是gbf
2019/11/02 16:25:31 [俄罗斯老娘们快乐群]但去莫复问: 就是太肝了
2019/11/02 16:25:34 [俄罗斯老娘们快乐群]但去莫复问: 👴顶不住
2019/11/02 16:25:58 [俄罗斯老娘们快乐群]但去莫复问: 我是gbf玩家嗷
2019/11/02 16:25:59 [CQHTTP 插件交流 | 神仙]Alskzm Fll: 
2019/11/02 16:26:00 [俄罗斯老娘们快乐群]但去莫复问: 朋友
2019/11/02 16:26:08 [俄罗斯老娘们快乐群]但去莫复问: 我的号随随便便卖几百块钱
2019/11/02 16:26:12 [俄罗斯老娘们快乐群]但去莫复问: 甚至上千的
2019/11/02 16:26:21 [俄罗斯老娘们快乐群]但去莫复问: 我只不过最近没时间玩了
2019/11/02 16:26:28 [俄罗斯老娘们快乐群]但去莫复问: [CQ:image,file=6E0442F42BEE40A841AD5CEF383C7032.jpg]
2019/11/02 16:27:18 [俄罗斯老娘们快乐群]但去莫复问: 我有点想玩魔兽世界9.0
2019/11/02 16:27:29 [俄罗斯老娘们快乐群]但去莫复问: 去看傻逼希瓦打三代目
2019/11/02 16:28:01 [俄罗斯老娘们快乐群]但去莫复问: 年轻是这样的
2019/11/02 16:28:46 [俄罗斯老娘们快乐群]但去莫复问: 你们感觉fex
2019/11/02 16:28:51 [俄罗斯老娘们快乐群]但去莫复问: 那个真的好看吗
2019/11/02 16:29:43 [喂鸽子的小阿比][卡林]奈特·斯巴列什: /jrrp
2019/11/02 16:29:59 [CQHTTP 机器人大乱斗]dumbot: 0:30:00
2019/11/02 16:30:06 [喂鸽子的小阿比][卡林]奈特·斯巴列什: /r [CQ:image,file=9591F7996BA593132C8E8F38FA4833B4.gif] 50
2019/11/02 16:30:07 &{false   {0 0 0 0 0}}
2019/11/02 16:30:17 [喂鸽子的小阿比][卡林]奈特·斯巴列什: 咋又是催眠
2019/11/02 16:30:30 [俄罗斯老娘们快乐群]但去莫复问: 所以
2019/11/02 16:30:36 [俄罗斯老娘们快乐群]但去莫复问: 型月这几年在干啥啊
2019/11/02 16:30:48 [俄罗斯老娘们快乐群]但去莫复问: 来个月厨解释一下
2019/11/02 16:31:16 [喂鸽子的小阿比][参观团]爱抚: /jrrp
2019/11/02 16:31:41 [喂鸽子的小阿比]陈孙雨: /jrrp
2019/11/02 16:32:35 [俄罗斯老娘们快乐群]但去莫复问: 沃日
2019/11/02 16:32:42 [俄罗斯老娘们快乐群]但去莫复问: 你又看不起群友了
